stdio    D         file_stdio.c:110  file_stdio_fopen                 [   0.00000] opening C:\Users\localadmin\source\repos\Mice-Eat-Cats\Debug\allegro5.cfg r
system   D            wsystem.c:802  maybe_parent_dir                 [   0.00000] Also searching C:\Users\localadmin\source\repos\Mice-Eat-Cats\
system   D            wsystem.c:852  _al_win_safe_load_library        [   0.00000] PathFindOnPath found: C:\WINDOWS\system32\shcore.dll
system   D            wsystem.c:763  load_library_at_path             [   0.00000] Calling LoadLibrary C:\WINDOWS\system32\shcore.dll
system   I            wsystem.c:766  load_library_at_path             [   0.00000] Loaded C:\WINDOWS\system32\shcore.dll
system   I             system.c:267  al_install_system                [   0.00000] Allegro version: 5.2.5
audio-dsound I           dsound.cpp:271  _dsound_open                     [   0.00134] Starting DirectSound...
audio-dsound D           dsound.cpp:280  _dsound_open                     [   0.17142] DirectSoundCreate8 succeeded
audio-dsound I           dsound.cpp:73   get_window                       [   0.17268] Using desktop window: 00010010
audio    I              audio.c:347  do_install_audio                 [   0.17351] Using DirectSound driver
audio-dsound D           dsound.cpp:311  _dsound_allocate_voice           [   0.17388] Allocating voice
audio-dsound D           dsound.cpp:370  _dsound_allocate_voice           [   0.17404] Allocated voice
dtor     D               dtor.c:196  _al_register_destructor          [   0.17421] added dtor for voice 01374D90, func 0F5113DE
dtor     D               dtor.c:196  _al_register_destructor          [   0.17445] added dtor for mixer 0136FDC8, func 0F5113F2
audio-dsound D           dsound.cpp:466  _dsound_start_voice              [   0.17477] Starting voice
audio-dsound D           dsound.cpp:494  _dsound_start_voice              [   0.17513] CreateSoundBuffer
audio-dsound D           dsound.cpp:502  _dsound_start_voice              [   0.18911] CreateSoundBuffer succeeded
audio-dsound D           dsound.cpp:508  _dsound_start_voice              [   0.18938] Starting _dsound_update thread
audio-dsound I           dsound.cpp:518  _dsound_start_voice              [   0.18989] Voice started
dtor     D               dtor.c:196  _al_register_destructor          [   0.19014] added dtor for sample_instance 01380540, func 0F51122B
audio    D          kcm_mixer.c:121  _al_rechannel_matrix             [   0.19041] sample matrix:
audio    D          kcm_mixer.c:127  _al_rechannel_matrix             [   0.19058] 
audio    D          kcm_mixer.c:127  _al_rechannel_matrix             [   0.19080] 
system   D            wsystem.c:802  maybe_parent_dir                 [   0.21490] Also searching C:\Users\localadmin\source\repos\Mice-Eat-Cats\
system   D            wsystem.c:852  _al_win_safe_load_library        [   0.21591] PathFindOnPath found: C:\WINDOWS\system32\d3d9.dll
system   D            wsystem.c:763  load_library_at_path             [   0.21611] Calling LoadLibrary C:\WINDOWS\system32\d3d9.dll
system   I            wsystem.c:766  load_library_at_path             [   0.23851] Loaded C:\WINDOWS\system32\d3d9.dll
d3d      I         d3d_disp.cpp:674  d3d_init_display                 [   0.27158] Render-to-texture: 1
d3d      I         d3d_disp.cpp:1768 d3d_create_display_locked        [   0.27557] faux_fullscreen=0
d3d      D         d3d_disp.cpp:1769 d3d_create_display_locked        [   0.27582] al_display=013B2A10
d3d      D         d3d_disp.cpp:1770 d3d_create_display_locked        [   0.27597] al_display->vt=013A3F00
d3d      I d3d_display_formats.cpp:144  _al_d3d_generate_display_format_list [   0.31467] found 64 format combinations
display  D   display_settings.c:212  debug_display_settings           [   0.31495] color: 32 (rgba 8880), depth: 0, stencil: 0, acc: 0000, samples: 0/0
display  D   display_settings.c:527  _al_score_display_settings       [   0.31536] Score is : 897
display  D   display_settings.c:212  debug_display_settings           [   0.31558] color: 32 (rgba 8880), depth: 0, stencil: 0, acc: 0000, samples: 0/0
display  D   display_settings.c:527  _al_score_display_settings       [   0.31611] Score is : 897
display  D   display_settings.c:212  debug_display_settings           [   0.31631] color: 32 (rgba 8880), depth: 24, stencil: 8, acc: 0000, samples: 0/0
display  D   display_settings.c:527  _al_score_display_settings       [   0.31654] Score is : 897
display  D   display_settings.c:212  debug_display_settings           [   0.31677] color: 32 (rgba 8880), depth: 24, stencil: 8, acc: 0000, samples: 0/0
display  D   display_settings.c:527  _al_score_display_settings       [   0.31692] Score is : 897
display  D   display_settings.c:212  debug_display_settings           [   0.31703] color: 32 (rgba 8880), depth: 24, stencil: 0, acc: 0000, samples: 0/0
display  D   display_settings.c:527  _al_score_display_settings       [   0.31734] Score is : 897
display  D   display_settings.c:212  debug_display_settings           [   0.31749] color: 32 (rgba 8880), depth: 24, stencil: 0, acc: 0000, samples: 0/0
display  D   display_settings.c:527  _al_score_display_settings       [   0.31779] Score is : 897
display  D   display_settings.c:212  debug_display_settings           [   0.31803] color: 32 (rgba 8880), depth: 16, stencil: 0, acc: 0000, samples: 0/0
display  D   display_settings.c:527  _al_score_display_settings       [   0.31839] Score is : 897
display  D   display_settings.c:212  debug_display_settings           [   0.31854] color: 32 (rgba 8880), depth: 16, stencil: 0, acc: 0000, samples: 0/0
display  D   display_settings.c:527  _al_score_display_settings       [   0.31867] Score is : 897
display  D   display_settings.c:212  debug_display_settings           [   0.31879] color: 16 (rgba 5650), depth: 0, stencil: 0, acc: 0000, samples: 0/0
display  D   display_settings.c:527  _al_score_display_settings       [   0.31893] Score is : 897
display  D   display_settings.c:212  debug_display_settings           [   0.31904] color: 16 (rgba 5650), depth: 0, stencil: 0, acc: 0000, samples: 0/0
display  D   display_settings.c:527  _al_score_display_settings       [   0.31918] Score is : 897
display  D   display_settings.c:212  debug_display_settings           [   0.31931] color: 16 (rgba 5650), depth: 24, stencil: 8, acc: 0000, samples: 0/0
display  D   display_settings.c:527  _al_score_display_settings       [   0.31946] Score is : 897
display  D   display_settings.c:212  debug_display_settings           [   0.31957] color: 16 (rgba 5650), depth: 24, stencil: 8, acc: 0000, samples: 0/0
display  D   display_settings.c:527  _al_score_display_settings       [   0.31972] Score is : 897
display  D   display_settings.c:212  debug_display_settings           [   0.31987] color: 16 (rgba 5650), depth: 24, stencil: 0, acc: 0000, samples: 0/0
display  D   display_settings.c:527  _al_score_display_settings       [   0.32005] Score is : 897
display  D   display_settings.c:212  debug_display_settings           [   0.32018] color: 16 (rgba 5650), depth: 24, stencil: 0, acc: 0000, samples: 0/0
display  D   display_settings.c:527  _al_score_display_settings       [   0.32031] Score is : 897
display  D   display_settings.c:212  debug_display_settings           [   0.32042] color: 16 (rgba 5650), depth: 16, stencil: 0, acc: 0000, samples: 0/0
display  D   display_settings.c:527  _al_score_display_settings       [   0.32056] Score is : 897
display  D   display_settings.c:212  debug_display_settings           [   0.32072] color: 16 (rgba 5650), depth: 16, stencil: 0, acc: 0000, samples: 0/0
display  D   display_settings.c:527  _al_score_display_settings       [   0.32090] Score is : 897
display  D   display_settings.c:212  debug_display_settings           [   0.32101] color: 32 (rgba 8880), depth: 0, stencil: 0, acc: 0000, samples: 0/0
display  D   display_settings.c:398  _al_score_display_settings       [   0.32115] Single Buffer requirement not met.
display  D   display_settings.c:212  debug_display_settings           [   0.32127] color: 32 (rgba 8880), depth: 0, stencil: 0, acc: 0000, samples: 0/0
display  D   display_settings.c:398  _al_score_display_settings       [   0.32142] Single Buffer requirement not met.
display  D   display_settings.c:212  debug_display_settings           [   0.32154] color: 32 (rgba 8880), depth: 24, stencil: 8, acc: 0000, samples: 0/0
display  D   display_settings.c:398  _al_score_display_settings       [   0.32167] Single Buffer requirement not met.
display  D   display_settings.c:212  debug_display_settings           [   0.32180] color: 32 (rgba 8880), depth: 24, stencil: 8, acc: 0000, samples: 0/0
display  D   display_settings.c:398  _al_score_display_settings       [   0.32193] Single Buffer requirement not met.
display  D   display_settings.c:212  debug_display_settings           [   0.32205] color: 32 (rgba 8880), depth: 24, stencil: 0, acc: 0000, samples: 0/0
display  D   display_settings.c:398  _al_score_display_settings       [   0.32218] Single Buffer requirement not met.
display  D   display_settings.c:212  debug_display_settings           [   0.32230] color: 32 (rgba 8880), depth: 24, stencil: 0, acc: 0000, samples: 0/0
display  D   display_settings.c:398  _al_score_display_settings       [   0.32246] Single Buffer requirement not met.
display  D   display_settings.c:212  debug_display_settings           [   0.32262] color: 32 (rgba 8880), depth: 16, stencil: 0, acc: 0000, samples: 0/0
display  D   display_settings.c:398  _al_score_display_settings       [   0.32279] Single Buffer requirement not met.
display  D   display_settings.c:212  debug_display_settings           [   0.32292] color: 32 (rgba 8880), depth: 16, stencil: 0, acc: 0000, samples: 0/0
display  D   display_settings.c:398  _al_score_display_settings       [   0.32306] Single Buffer requirement not met.
display  D   display_settings.c:212  debug_display_settings           [   0.32318] color: 16 (rgba 5650), depth: 0, stencil: 0, acc: 0000, samples: 0/0
display  D   display_settings.c:398  _al_score_display_settings       [   0.32333] Single Buffer requirement not met.
display  D   display_settings.c:212  debug_display_settings           [   0.32344] color: 16 (rgba 5650), depth: 0, stencil: 0, acc: 0000, samples: 0/0
display  D   display_settings.c:398  _al_score_display_settings       [   0.32358] Single Buffer requirement not met.
display  D   display_settings.c:212  debug_display_settings           [   0.32370] color: 16 (rgba 5650), depth: 24, stencil: 8, acc: 0000, samples: 0/0
display  D   display_settings.c:398  _al_score_display_settings       [   0.32385] Single Buffer requirement not met.
display  D   display_settings.c:212  debug_display_settings           [   0.32398] color: 16 (rgba 5650), depth: 24, stencil: 8, acc: 0000, samples: 0/0
display  D   display_settings.c:398  _al_score_display_settings       [   0.32413] Single Buffer requirement not met.
display  D   display_settings.c:212  debug_display_settings           [   0.32425] color: 16 (rgba 5650), depth: 24, stencil: 0, acc: 0000, samples: 0/0
display  D   display_settings.c:398  _al_score_display_settings       [   0.32439] Single Buffer requirement not met.
display  D   display_settings.c:212  debug_display_settings           [   0.32451] color: 16 (rgba 5650), depth: 24, stencil: 0, acc: 0000, samples: 0/0
display  D   display_settings.c:398  _al_score_display_settings       [   0.32465] Single Buffer requirement not met.
display  D   display_settings.c:212  debug_display_settings           [   0.32478] color: 16 (rgba 5650), depth: 16, stencil: 0, acc: 0000, samples: 0/0
display  D   display_settings.c:398  _al_score_display_settings       [   0.32493] Single Buffer requirement not met.
display  D   display_settings.c:212  debug_display_settings           [   0.32506] color: 16 (rgba 5650), depth: 16, stencil: 0, acc: 0000, samples: 0/0
display  D   display_settings.c:398  _al_score_display_settings       [   0.32520] Single Buffer requirement not met.
display  D   display_settings.c:212  debug_display_settings           [   0.32532] color: 32 (rgba 8880), depth: 0, stencil: 0, acc: 0000, samples: 0/0
display  D   display_settings.c:527  _al_score_display_settings       [   0.32547] Score is : 769
display  D   display_settings.c:212  debug_display_settings           [   0.32561] color: 32 (rgba 8880), depth: 0, stencil: 0, acc: 0000, samples: 0/0
display  D   display_settings.c:527  _al_score_display_settings       [   0.32576] Score is : 769
display  D   display_settings.c:212  debug_display_settings           [   0.32588] color: 32 (rgba 8880), depth: 24, stencil: 8, acc: 0000, samples: 0/0
display  D   display_settings.c:527  _al_score_display_settings       [   0.32603] Score is : 769
display  D   display_settings.c:212  debug_display_settings           [   0.32616] color: 32 (rgba 8880), depth: 24, stencil: 8, acc: 0000, samples: 0/0
display  D   display_settings.c:527  _al_score_display_settings       [   0.32632] Score is : 769
display  D   display_settings.c:212  debug_display_settings           [   0.32644] color: 32 (rgba 8880), depth: 24, stencil: 0, acc: 0000, samples: 0/0
display  D   display_settings.c:527  _al_score_display_settings       [   0.32659] Score is : 769
display  D   display_settings.c:212  debug_display_settings           [   0.32672] color: 32 (rgba 8880), depth: 24, stencil: 0, acc: 0000, samples: 0/0
display  D   display_settings.c:527  _al_score_display_settings       [   0.32692] Score is : 769
display  D   display_settings.c:212  debug_display_settings           [   0.32707] color: 32 (rgba 8880), depth: 16, stencil: 0, acc: 0000, samples: 0/0
display  D   display_settings.c:527  _al_score_display_settings       [   0.32729] Score is : 769
display  D   display_settings.c:212  debug_display_settings           [   0.32743] color: 32 (rgba 8880), depth: 16, stencil: 0, acc: 0000, samples: 0/0
display  D   display_settings.c:527  _al_score_display_settings       [   0.32760] Score is : 769
display  D   display_settings.c:212  debug_display_settings           [   0.32772] color: 16 (rgba 5650), depth: 0, stencil: 0, acc: 0000, samples: 0/0
display  D   display_settings.c:527  _al_score_display_settings       [   0.32789] Score is : 769
display  D   display_settings.c:212  debug_display_settings           [   0.32804] color: 16 (rgba 5650), depth: 0, stencil: 0, acc: 0000, samples: 0/0
display  D   display_settings.c:527  _al_score_display_settings       [   0.32823] Score is : 769
display  D   display_settings.c:212  debug_display_settings           [   0.32837] color: 16 (rgba 5650), depth: 24, stencil: 8, acc: 0000, samples: 0/0
display  D   display_settings.c:527  _al_score_display_settings       [   0.32854] Score is : 769
display  D   display_settings.c:212  debug_display_settings           [   0.32867] color: 16 (rgba 5650), depth: 24, stencil: 8, acc: 0000, samples: 0/0
display  D   display_settings.c:527  _al_score_display_settings       [   0.32886] Score is : 769
display  D   display_settings.c:212  debug_display_settings           [   0.32903] color: 16 (rgba 5650), depth: 24, stencil: 0, acc: 0000, samples: 0/0
display  D   display_settings.c:527  _al_score_display_settings       [   0.32921] Score is : 769
display  D   display_settings.c:212  debug_display_settings           [   0.32934] color: 16 (rgba 5650), depth: 24, stencil: 0, acc: 0000, samples: 0/0
display  D   display_settings.c:527  _al_score_display_settings       [   0.32954] Score is : 769
display  D   display_settings.c:212  debug_display_settings           [   0.32968] color: 16 (rgba 5650), depth: 16, stencil: 0, acc: 0000, samples: 0/0
display  D   display_settings.c:527  _al_score_display_settings       [   0.32989] Score is : 769
display  D   display_settings.c:212  debug_display_settings           [   0.33004] color: 16 (rgba 5650), depth: 16, stencil: 0, acc: 0000, samples: 0/0
display  D   display_settings.c:527  _al_score_display_settings       [   0.33024] Score is : 769
display  D   display_settings.c:212  debug_display_settings           [   0.33039] color: 32 (rgba 8880), depth: 0, stencil: 0, acc: 0000, samples: 0/0
display  D   display_settings.c:398  _al_score_display_settings       [   0.33059] Single Buffer requirement not met.
display  D   display_settings.c:212  debug_display_settings           [   0.33094] color: 32 (rgba 8880), depth: 0, stencil: 0, acc: 0000, samples: 0/0
display  D   display_settings.c:398  _al_score_display_settings       [   0.33114] Single Buffer requirement not met.
display  D   display_settings.c:212  debug_display_settings           [   0.33130] color: 32 (rgba 8880), depth: 24, stencil: 8, acc: 0000, samples: 0/0
display  D   display_settings.c:398  _al_score_display_settings       [   0.33151] Single Buffer requirement not met.
display  D   display_settings.c:212  debug_display_settings           [   0.33167] color: 32 (rgba 8880), depth: 24, stencil: 8, acc: 0000, samples: 0/0
display  D   display_settings.c:398  _al_score_display_settings       [   0.33187] Single Buffer requirement not met.
display  D   display_settings.c:212  debug_display_settings           [   0.33200] color: 32 (rgba 8880), depth: 24, stencil: 0, acc: 0000, samples: 0/0
display  D   display_settings.c:398  _al_score_display_settings       [   0.33214] Single Buffer requirement not met.
display  D   display_settings.c:212  debug_display_settings           [   0.33227] color: 32 (rgba 8880), depth: 24, stencil: 0, acc: 0000, samples: 0/0
display  D   display_settings.c:398  _al_score_display_settings       [   0.33241] Single Buffer requirement not met.
display  D   display_settings.c:212  debug_display_settings           [   0.33253] color: 32 (rgba 8880), depth: 16, stencil: 0, acc: 0000, samples: 0/0
display  D   display_settings.c:398  _al_score_display_settings       [   0.33267] Single Buffer requirement not met.
display  D   display_settings.c:212  debug_display_settings           [   0.33279] color: 32 (rgba 8880), depth: 16, stencil: 0, acc: 0000, samples: 0/0
display  D   display_settings.c:398  _al_score_display_settings       [   0.33293] Single Buffer requirement not met.
display  D   display_settings.c:212  debug_display_settings           [   0.33306] color: 16 (rgba 5650), depth: 0, stencil: 0, acc: 0000, samples: 0/0
display  D   display_settings.c:398  _al_score_display_settings       [   0.33320] Single Buffer requirement not met.
display  D   display_settings.c:212  debug_display_settings           [   0.33332] color: 16 (rgba 5650), depth: 0, stencil: 0, acc: 0000, samples: 0/0
display  D   display_settings.c:398  _al_score_display_settings       [   0.33346] Single Buffer requirement not met.
display  D   display_settings.c:212  debug_display_settings           [   0.33358] color: 16 (rgba 5650), depth: 24, stencil: 8, acc: 0000, samples: 0/0
display  D   display_settings.c:398  _al_score_display_settings       [   0.33372] Single Buffer requirement not met.
display  D   display_settings.c:212  debug_display_settings           [   0.33386] color: 16 (rgba 5650), depth: 24, stencil: 8, acc: 0000, samples: 0/0
display  D   display_settings.c:398  _al_score_display_settings       [   0.33400] Single Buffer requirement not met.
display  D   display_settings.c:212  debug_display_settings           [   0.33412] color: 16 (rgba 5650), depth: 24, stencil: 0, acc: 0000, samples: 0/0
display  D   display_settings.c:398  _al_score_display_settings       [   0.33427] Single Buffer requirement not met.
display  D   display_settings.c:212  debug_display_settings           [   0.33440] color: 16 (rgba 5650), depth: 24, stencil: 0, acc: 0000, samples: 0/0
display  D   display_settings.c:398  _al_score_display_settings       [   0.33454] Single Buffer requirement not met.
display  D   display_settings.c:212  debug_display_settings           [   0.33469] color: 16 (rgba 5650), depth: 16, stencil: 0, acc: 0000, samples: 0/0
display  D   display_settings.c:398  _al_score_display_settings       [   0.33490] Single Buffer requirement not met.
display  D   display_settings.c:212  debug_display_settings           [   0.33503] color: 16 (rgba 5650), depth: 16, stencil: 0, acc: 0000, samples: 0/0
display  D   display_settings.c:398  _al_score_display_settings       [   0.33518] Single Buffer requirement not met.
d3d      D         d3d_disp.cpp:1668 d3d_create_display_internals     [   0.33557] Trying format 0.
d3d      I         d3d_disp.cpp:1344 d3d_display_thread_proc          [   0.33999] Chose a display format: 23
d3d      I         d3d_disp.cpp:1413 d3d_display_thread_proc          [   0.34021] Normal window.
d3d      I         d3d_disp.cpp:781  d3d_create_device                [   0.43776] Using no depth stencil buffer
d3d      D         d3d_disp.cpp:839  d3d_create_device                [   0.47710] BeginScene succeeded in create_device
d3d      D         d3d_disp.cpp:847  d3d_create_device                [   0.47730] Success
d3d      D         d3d_disp.cpp:1691 d3d_create_display_internals     [   0.47747] Resumed after wait.
d3d      I         d3d_disp.cpp:1724 d3d_create_display_internals     [   0.47764] Format 0 succeeded.
d3d      D         d3d_disp.cpp:1755 d3d_create_display_internals     [   0.47787] Returning d3d_display: 013B2A10
d3d      D         d3d_disp.cpp:1780 d3d_create_display_locked        [   0.47800] al_display=013B2A10
d3d      D         d3d_disp.cpp:1781 d3d_create_display_locked        [   0.47811] al_display->vt=013A3F00
dtor     D               dtor.c:196  _al_register_destructor          [   0.47920] added dtor for queue 013A5EC0, func 0F6B153C
dtor     D               dtor.c:196  _al_register_destructor          [   0.47943] added dtor for timer 013C1148, func 0F6B1681
stdio    D         file_stdio.c:110  file_stdio_fopen                 [   0.48203] opening backgroundmusic.wav rb
wav      I                wav.c:124  wav_open                         [   0.48279] Ignoring chunk: LIST
wav      E                wav.c:121  wav_open                         [   0.48297] Bad RIFF type.
dtor     D               dtor.c:196  _al_register_destructor          [   0.48917] added dtor for sample 0141F580, func 0F51124E
dtor     D               dtor.c:196  _al_register_destructor          [   0.49420] added dtor for sample_instance 06346B60, func 0F51122B
audio    D          kcm_mixer.c:121  _al_rechannel_matrix             [   0.49457] sample matrix:
audio    D          kcm_mixer.c:127  _al_rechannel_matrix             [   0.49555]  0.707107 0.000000
audio    D          kcm_mixer.c:127  _al_rechannel_matrix             [   0.49583]  0.000000 0.707107
stdio    D         file_stdio.c:110  file_stdio_fopen                 [   0.49606] opening gamemusic.wav rb
wav      I                wav.c:124  wav_open                         [   0.49688] Ignoring chunk: LIST
wav      E                wav.c:121  wav_open                         [   0.49712] Bad RIFF type.
dtor     D               dtor.c:196  _al_register_destructor          [   0.49945] added dtor for sample 0141F0B8, func 0F51124E
dtor     D               dtor.c:196  _al_register_destructor          [   0.50099] added dtor for sample_instance 06346C70, func 0F51122B
audio    D          kcm_mixer.c:121  _al_rechannel_matrix             [   0.50125] sample matrix:
audio    D          kcm_mixer.c:127  _al_rechannel_matrix             [   0.50147]  0.707107 0.000000
audio    D          kcm_mixer.c:127  _al_rechannel_matrix             [   0.50173]  0.000000 0.707107
stdio    D         file_stdio.c:110  file_stdio_fopen                 [   0.50193] opening creditsbck.png rb
stdio    D         file_stdio.c:110  file_stdio_fopen                 [   0.58284] opening creditsbck.png rb
d3d      D         d3d_disp.cpp:1188 real_choose_bitmap_format        [   0.59647] Fake format
d3d      D         d3d_disp.cpp:1188 real_choose_bitmap_format        [   0.59663] Fake format
d3d      D         d3d_disp.cpp:1188 real_choose_bitmap_format        [   0.59675] Fake format
d3d      D         d3d_disp.cpp:1188 real_choose_bitmap_format        [   0.59686] Fake format
d3d      D         d3d_disp.cpp:1188 real_choose_bitmap_format        [   0.59696] Fake format
d3d      D         d3d_disp.cpp:1188 real_choose_bitmap_format        [   0.59706] Fake format
d3d      D         d3d_disp.cpp:1188 real_choose_bitmap_format        [   0.59718] Fake format
d3d      D         d3d_disp.cpp:1188 real_choose_bitmap_format        [   0.59729] Fake format
d3d      D         d3d_disp.cpp:1188 real_choose_bitmap_format        [   0.59739] Fake format
d3d      D         d3d_disp.cpp:1196 real_choose_bitmap_format        [   0.59749] Alpha doesn't match
d3d      D         d3d_disp.cpp:1203 real_choose_bitmap_format        [   0.59761] Adapter format is 23
d3d      D         d3d_disp.cpp:1206 real_choose_bitmap_format        [   0.59774] Found a format
d3d      I         d3d_disp.cpp:2377 d3d_create_bitmap                [   0.59787] Chose bitmap format 9
dtor     D               dtor.c:196  _al_register_destructor          [   0.60550] added dtor for bitmap 06367750, func 0F6B2397
stdio    D         file_stdio.c:110  file_stdio_fopen                 [   0.68553] opening optionsybck.png rb
stdio    D         file_stdio.c:110  file_stdio_fopen                 [   0.68946] opening optionsybck.png rb
d3d      D         d3d_disp.cpp:1188 real_choose_bitmap_format        [   0.69063] Fake format
d3d      D         d3d_disp.cpp:1188 real_choose_bitmap_format        [   0.69084] Fake format
d3d      D         d3d_disp.cpp:1188 real_choose_bitmap_format        [   0.69115] Fake format
d3d      D         d3d_disp.cpp:1188 real_choose_bitmap_format        [   0.69135] Fake format
d3d      D         d3d_disp.cpp:1188 real_choose_bitmap_format        [   0.69154] Fake format
d3d      D         d3d_disp.cpp:1188 real_choose_bitmap_format        [   0.69171] Fake format
d3d      D         d3d_disp.cpp:1188 real_choose_bitmap_format        [   0.69186] Fake format
d3d      D         d3d_disp.cpp:1188 real_choose_bitmap_format        [   0.69200] Fake format
d3d      D         d3d_disp.cpp:1188 real_choose_bitmap_format        [   0.69213] Fake format
d3d      D         d3d_disp.cpp:1196 real_choose_bitmap_format        [   0.69223] Alpha doesn't match
d3d      D         d3d_disp.cpp:1203 real_choose_bitmap_format        [   0.69239] Adapter format is 23
d3d      D         d3d_disp.cpp:1206 real_choose_bitmap_format        [   0.69255] Found a format
d3d      I         d3d_disp.cpp:2377 d3d_create_bitmap                [   0.69268] Chose bitmap format 9
dtor     D               dtor.c:196  _al_register_destructor          [   0.70832] added dtor for bitmap 0636BB80, func 0F6B2397
stdio    D         file_stdio.c:110  file_stdio_fopen                 [   0.81641] opening optionsxbck.png rb
stdio    D         file_stdio.c:110  file_stdio_fopen                 [   0.82293] opening optionsxbck.png rb
d3d      D         d3d_disp.cpp:1188 real_choose_bitmap_format        [   0.82389] Fake format
d3d      D         d3d_disp.cpp:1188 real_choose_bitmap_format        [   0.82402] Fake format
d3d      D         d3d_disp.cpp:1188 real_choose_bitmap_format        [   0.82416] Fake format
d3d      D         d3d_disp.cpp:1188 real_choose_bitmap_format        [   0.82428] Fake format
d3d      D         d3d_disp.cpp:1188 real_choose_bitmap_format        [   0.82438] Fake format
d3d      D         d3d_disp.cpp:1188 real_choose_bitmap_format        [   0.82450] Fake format
d3d      D         d3d_disp.cpp:1188 real_choose_bitmap_format        [   0.82460] Fake format
d3d      D         d3d_disp.cpp:1188 real_choose_bitmap_format        [   0.82472] Fake format
d3d      D         d3d_disp.cpp:1188 real_choose_bitmap_format        [   0.82489] Fake format
d3d      D         d3d_disp.cpp:1196 real_choose_bitmap_format        [   0.82504] Alpha doesn't match
d3d      D         d3d_disp.cpp:1203 real_choose_bitmap_format        [   0.82523] Adapter format is 23
d3d      D         d3d_disp.cpp:1206 real_choose_bitmap_format        [   0.82540] Found a format
d3d      I         d3d_disp.cpp:2377 d3d_create_bitmap                [   0.82556] Chose bitmap format 9
dtor     D               dtor.c:196  _al_register_destructor          [   0.83478] added dtor for bitmap 0636BF70, func 0F6B2397
stdio    D         file_stdio.c:110  file_stdio_fopen                 [   0.96875] opening mouse.png rb
stdio    D         file_stdio.c:110  file_stdio_fopen                 [   0.97298] opening mouse.png rb
d3d      D         d3d_disp.cpp:1188 real_choose_bitmap_format        [   0.97445] Fake format
d3d      D         d3d_disp.cpp:1188 real_choose_bitmap_format        [   0.97466] Fake format
d3d      D         d3d_disp.cpp:1188 real_choose_bitmap_format        [   0.97485] Fake format
d3d      D         d3d_disp.cpp:1188 real_choose_bitmap_format        [   0.97500] Fake format
d3d      D         d3d_disp.cpp:1188 real_choose_bitmap_format        [   0.97515] Fake format
d3d      D         d3d_disp.cpp:1188 real_choose_bitmap_format        [   0.97531] Fake format
d3d      D         d3d_disp.cpp:1188 real_choose_bitmap_format        [   0.97545] Fake format
d3d      D         d3d_disp.cpp:1188 real_choose_bitmap_format        [   0.97558] Fake format
d3d      D         d3d_disp.cpp:1188 real_choose_bitmap_format        [   0.97569] Fake format
d3d      D         d3d_disp.cpp:1196 real_choose_bitmap_format        [   0.97579] Alpha doesn't match
d3d      D         d3d_disp.cpp:1203 real_choose_bitmap_format        [   0.97590] Adapter format is 23
d3d      D         d3d_disp.cpp:1206 real_choose_bitmap_format        [   0.97600] Found a format
d3d      I         d3d_disp.cpp:2377 d3d_create_bitmap                [   0.97611] Chose bitmap format 9
dtor     D               dtor.c:196  _al_register_destructor          [   0.97818] added dtor for bitmap 063703B8, func 0F6B2397
stdio    D         file_stdio.c:110  file_stdio_fopen                 [   1.00754] opening smallmouse.png rb
stdio    D         file_stdio.c:110  file_stdio_fopen                 [   1.01180] opening smallmouse.png rb
d3d      D         d3d_disp.cpp:1188 real_choose_bitmap_format        [   1.01293] Fake format
d3d      D         d3d_disp.cpp:1188 real_choose_bitmap_format        [   1.01310] Fake format
d3d      D         d3d_disp.cpp:1188 real_choose_bitmap_format        [   1.01321] Fake format
d3d      D         d3d_disp.cpp:1188 real_choose_bitmap_format        [   1.01337] Fake format
d3d      D         d3d_disp.cpp:1188 real_choose_bitmap_format        [   1.01355] Fake format
d3d      D         d3d_disp.cpp:1188 real_choose_bitmap_format        [   1.01374] Fake format
d3d      D         d3d_disp.cpp:1188 real_choose_bitmap_format        [   1.01388] Fake format
d3d      D         d3d_disp.cpp:1188 real_choose_bitmap_format        [   1.01403] Fake format
d3d      D         d3d_disp.cpp:1188 real_choose_bitmap_format        [   1.01421] Fake format
d3d      D         d3d_disp.cpp:1196 real_choose_bitmap_format        [   1.01431] Alpha doesn't match
d3d      D         d3d_disp.cpp:1203 real_choose_bitmap_format        [   1.01445] Adapter format is 23
d3d      D         d3d_disp.cpp:1206 real_choose_bitmap_format        [   1.01456] Found a format
d3d      I         d3d_disp.cpp:2377 d3d_create_bitmap                [   1.01467] Chose bitmap format 9
dtor     D               dtor.c:196  _al_register_destructor          [   1.01550] added dtor for bitmap 0634AC50, func 0F6B2397
stdio    D         file_stdio.c:110  file_stdio_fopen                 [   1.02080] opening smallmouse1.png rb
stdio    D         file_stdio.c:110  file_stdio_fopen                 [   1.02429] opening smallmouse1.png rb
d3d      D         d3d_disp.cpp:1188 real_choose_bitmap_format        [   1.02516] Fake format
d3d      D         d3d_disp.cpp:1188 real_choose_bitmap_format        [   1.02528] Fake format
d3d      D         d3d_disp.cpp:1188 real_choose_bitmap_format        [   1.02540] Fake format
d3d      D         d3d_disp.cpp:1188 real_choose_bitmap_format        [   1.02551] Fake format
d3d      D         d3d_disp.cpp:1188 real_choose_bitmap_format        [   1.02563] Fake format
d3d      D         d3d_disp.cpp:1188 real_choose_bitmap_format        [   1.02574] Fake format
d3d      D         d3d_disp.cpp:1188 real_choose_bitmap_format        [   1.02586] Fake format
d3d      D         d3d_disp.cpp:1188 real_choose_bitmap_format        [   1.02598] Fake format
d3d      D         d3d_disp.cpp:1188 real_choose_bitmap_format        [   1.02611] Fake format
d3d      D         d3d_disp.cpp:1196 real_choose_bitmap_format        [   1.02626] Alpha doesn't match
d3d      D         d3d_disp.cpp:1203 real_choose_bitmap_format        [   1.02643] Adapter format is 23
d3d      D         d3d_disp.cpp:1206 real_choose_bitmap_format        [   1.02655] Found a format
d3d      I         d3d_disp.cpp:2377 d3d_create_bitmap                [   1.02666] Chose bitmap format 9
dtor     D               dtor.c:196  _al_register_destructor          [   1.02758] added dtor for bitmap 063DAD78, func 0F6B2397
stdio    D         file_stdio.c:110  file_stdio_fopen                 [   1.03519] opening bckground.jpeg rb
stdio    D         file_stdio.c:110  file_stdio_fopen                 [   1.03608] opening bckground.jpeg rb
d3d      D         d3d_disp.cpp:1188 real_choose_bitmap_format        [   1.03718] Fake format
d3d      D         d3d_disp.cpp:1188 real_choose_bitmap_format        [   1.03734] Fake format
d3d      D         d3d_disp.cpp:1188 real_choose_bitmap_format        [   1.03749] Fake format
d3d      D         d3d_disp.cpp:1188 real_choose_bitmap_format        [   1.03761] Fake format
d3d      D         d3d_disp.cpp:1188 real_choose_bitmap_format        [   1.03772] Fake format
d3d      D         d3d_disp.cpp:1188 real_choose_bitmap_format        [   1.03784] Fake format
d3d      D         d3d_disp.cpp:1188 real_choose_bitmap_format        [   1.03796] Fake format
d3d      D         d3d_disp.cpp:1188 real_choose_bitmap_format        [   1.03809] Fake format
d3d      D         d3d_disp.cpp:1188 real_choose_bitmap_format        [   1.03818] Fake format
d3d      D         d3d_disp.cpp:1196 real_choose_bitmap_format        [   1.03828] Alpha doesn't match
d3d      D         d3d_disp.cpp:1203 real_choose_bitmap_format        [   1.03845] Adapter format is 23
d3d      D         d3d_disp.cpp:1206 real_choose_bitmap_format        [   1.03864] Found a format
d3d      I         d3d_disp.cpp:2377 d3d_create_bitmap                [   1.03883] Chose bitmap format 9
dtor     D               dtor.c:196  _al_register_destructor          [   1.05902] added dtor for bitmap 0634EE60, func 0F6B2397
stdio    D         file_stdio.c:110  file_stdio_fopen                 [   1.31322] opening menubck.png rb
stdio    D         file_stdio.c:110  file_stdio_fopen                 [   1.31834] opening menubck.png rb
d3d      D         d3d_disp.cpp:1188 real_choose_bitmap_format        [   1.31935] Fake format
d3d      D         d3d_disp.cpp:1188 real_choose_bitmap_format        [   1.31948] Fake format
d3d      D         d3d_disp.cpp:1188 real_choose_bitmap_format        [   1.31959] Fake format
d3d      D         d3d_disp.cpp:1188 real_choose_bitmap_format        [   1.31971] Fake format
d3d      D         d3d_disp.cpp:1188 real_choose_bitmap_format        [   1.31997] Fake format
d3d      D         d3d_disp.cpp:1188 real_choose_bitmap_format        [   1.32015] Fake format
d3d      D         d3d_disp.cpp:1188 real_choose_bitmap_format        [   1.32028] Fake format
d3d      D         d3d_disp.cpp:1188 real_choose_bitmap_format        [   1.32039] Fake format
d3d      D         d3d_disp.cpp:1188 real_choose_bitmap_format        [   1.32051] Fake format
d3d      D         d3d_disp.cpp:1196 real_choose_bitmap_format        [   1.32062] Alpha doesn't match
d3d      D         d3d_disp.cpp:1203 real_choose_bitmap_format        [   1.32076] Adapter format is 23
d3d      D         d3d_disp.cpp:1206 real_choose_bitmap_format        [   1.32088] Found a format
d3d      I         d3d_disp.cpp:2377 d3d_create_bitmap                [   1.32098] Chose bitmap format 9
dtor     D               dtor.c:196  _al_register_destructor          [   1.32845] added dtor for bitmap 0634F000, func 0F6B2397
d3d      D          d3d_bmp.cpp:539  _al_d3d_sync_bitmap              [   1.49899] _al_d3d_sync_bitmap (system) ref count == 1
d3d      D          d3d_bmp.cpp:545  _al_d3d_sync_bitmap              [   1.49932] _al_d3d_sync_bitmap (video) ref count == 1
d3d      D          d3d_bmp.cpp:539  _al_d3d_sync_bitmap              [   1.51039] _al_d3d_sync_bitmap (system) ref count == 1
d3d      D          d3d_bmp.cpp:545  _al_d3d_sync_bitmap              [   1.51059] _al_d3d_sync_bitmap (video) ref count == 1
d3d      D          d3d_bmp.cpp:539  _al_d3d_sync_bitmap              [   1.52181] _al_d3d_sync_bitmap (system) ref count == 1
d3d      D          d3d_bmp.cpp:545  _al_d3d_sync_bitmap              [   1.52198] _al_d3d_sync_bitmap (video) ref count == 1
d3d      D          d3d_bmp.cpp:539  _al_d3d_sync_bitmap              [   1.53301] _al_d3d_sync_bitmap (system) ref count == 1
d3d      D          d3d_bmp.cpp:545  _al_d3d_sync_bitmap              [   1.53321] _al_d3d_sync_bitmap (video) ref count == 1
d3d      D          d3d_bmp.cpp:539  _al_d3d_sync_bitmap              [   1.53695] _al_d3d_sync_bitmap (system) ref count == 1
d3d      D          d3d_bmp.cpp:545  _al_d3d_sync_bitmap              [   1.53719] _al_d3d_sync_bitmap (video) ref count == 1
d3d      D          d3d_bmp.cpp:539  _al_d3d_sync_bitmap              [   1.53865] _al_d3d_sync_bitmap (system) ref count == 1
d3d      D          d3d_bmp.cpp:545  _al_d3d_sync_bitmap              [   1.53883] _al_d3d_sync_bitmap (video) ref count == 1
d3d      D          d3d_bmp.cpp:539  _al_d3d_sync_bitmap              [   1.54029] _al_d3d_sync_bitmap (system) ref count == 1
d3d      D          d3d_bmp.cpp:545  _al_d3d_sync_bitmap              [   1.54050] _al_d3d_sync_bitmap (video) ref count == 1
d3d      D          d3d_bmp.cpp:539  _al_d3d_sync_bitmap              [   1.55572] _al_d3d_sync_bitmap (system) ref count == 1
d3d      D          d3d_bmp.cpp:545  _al_d3d_sync_bitmap              [   1.55589] _al_d3d_sync_bitmap (video) ref count == 1
d3d      I         d3d_disp.cpp:901  d3d_destroy_display              [   7.02942] destroying display 013B2A10 (current 00000000)
bitmap   D        bitmap_type.c:308  _al_convert_to_memory_bitmap     [   7.03266] converting display bitmap 0634F000 to memory bitmap
dtor     D               dtor.c:196  _al_register_destructor          [   7.03759] added dtor for bitmap 06356570, func 0F6B2397
d3d      D          d3d_bmp.cpp:539  _al_d3d_sync_bitmap              [   7.03785] _al_d3d_sync_bitmap (system) ref count == 1
d3d      D          d3d_bmp.cpp:545  _al_d3d_sync_bitmap              [   7.03802] _al_d3d_sync_bitmap (video) ref count == 1
dtor     D               dtor.c:227  _al_unregister_destructor        [   7.04784] removed dtor for bitmap 06356570
bitmap   D        bitmap_type.c:308  _al_convert_to_memory_bitmap     [   7.05234] converting display bitmap 0634EE60 to memory bitmap
dtor     D               dtor.c:196  _al_register_destructor          [   7.05820] added dtor for bitmap 06356718, func 0F6B2397
d3d      D          d3d_bmp.cpp:539  _al_d3d_sync_bitmap              [   7.05837] _al_d3d_sync_bitmap (system) ref count == 1
d3d      D          d3d_bmp.cpp:545  _al_d3d_sync_bitmap              [   7.05845] _al_d3d_sync_bitmap (video) ref count == 1
dtor     D               dtor.c:227  _al_unregister_destructor        [   7.06668] removed dtor for bitmap 06356718
bitmap   D        bitmap_type.c:308  _al_convert_to_memory_bitmap     [   7.07078] converting display bitmap 063DAD78 to memory bitmap
dtor     D               dtor.c:196  _al_register_destructor          [   7.07109] added dtor for bitmap 06355D28, func 0F6B2397
d3d      D          d3d_bmp.cpp:539  _al_d3d_sync_bitmap              [   7.07121] _al_d3d_sync_bitmap (system) ref count == 1
d3d      D          d3d_bmp.cpp:545  _al_d3d_sync_bitmap              [   7.07129] _al_d3d_sync_bitmap (video) ref count == 1
dtor     D               dtor.c:227  _al_unregister_destructor        [   7.07253] removed dtor for bitmap 06355D28
bitmap   D        bitmap_type.c:308  _al_convert_to_memory_bitmap     [   7.07284] converting display bitmap 0634AC50 to memory bitmap
dtor     D               dtor.c:196  _al_register_destructor          [   7.07319] added dtor for bitmap 06356078, func 0F6B2397
d3d      D          d3d_bmp.cpp:539  _al_d3d_sync_bitmap              [   7.07331] _al_d3d_sync_bitmap (system) ref count == 1
d3d      D          d3d_bmp.cpp:545  _al_d3d_sync_bitmap              [   7.07339] _al_d3d_sync_bitmap (video) ref count == 1
dtor     D               dtor.c:227  _al_unregister_destructor        [   7.07442] removed dtor for bitmap 06356078
bitmap   D        bitmap_type.c:308  _al_convert_to_memory_bitmap     [   7.07506] converting display bitmap 063703B8 to memory bitmap
dtor     D               dtor.c:196  _al_register_destructor          [   7.07562] added dtor for bitmap 063563C8, func 0F6B2397
d3d      D          d3d_bmp.cpp:539  _al_d3d_sync_bitmap              [   7.07573] _al_d3d_sync_bitmap (system) ref count == 1
d3d      D          d3d_bmp.cpp:545  _al_d3d_sync_bitmap              [   7.07581] _al_d3d_sync_bitmap (video) ref count == 1
dtor     D               dtor.c:227  _al_unregister_destructor        [   7.07782] removed dtor for bitmap 063563C8
bitmap   D        bitmap_type.c:308  _al_convert_to_memory_bitmap     [   7.07850] converting display bitmap 0636BF70 to memory bitmap
dtor     D               dtor.c:196  _al_register_destructor          [   7.08303] added dtor for bitmap 06355D28, func 0F6B2397
d3d      D          d3d_bmp.cpp:539  _al_d3d_sync_bitmap              [   7.08318] _al_d3d_sync_bitmap (system) ref count == 1
d3d      D          d3d_bmp.cpp:545  _al_d3d_sync_bitmap              [   7.08327] _al_d3d_sync_bitmap (video) ref count == 1
dtor     D               dtor.c:227  _al_unregister_destructor        [   7.09146] removed dtor for bitmap 06355D28
bitmap   D        bitmap_type.c:308  _al_convert_to_memory_bitmap     [   7.09577] converting display bitmap 0636BB80 to memory bitmap
dtor     D               dtor.c:196  _al_register_destructor          [   7.10138] added dtor for bitmap 06356220, func 0F6B2397
d3d      D          d3d_bmp.cpp:539  _al_d3d_sync_bitmap              [   7.10155] _al_d3d_sync_bitmap (system) ref count == 1
d3d      D          d3d_bmp.cpp:545  _al_d3d_sync_bitmap              [   7.10164] _al_d3d_sync_bitmap (video) ref count == 1
dtor     D               dtor.c:227  _al_unregister_destructor        [   7.10979] removed dtor for bitmap 06356220
bitmap   D        bitmap_type.c:308  _al_convert_to_memory_bitmap     [   7.11410] converting display bitmap 06367750 to memory bitmap
dtor     D               dtor.c:196  _al_register_destructor          [   7.11890] added dtor for bitmap 06356718, func 0F6B2397
d3d      D          d3d_bmp.cpp:539  _al_d3d_sync_bitmap              [   7.11907] _al_d3d_sync_bitmap (system) ref count == 1
d3d      D          d3d_bmp.cpp:545  _al_d3d_sync_bitmap              [   7.11915] _al_d3d_sync_bitmap (video) ref count == 1
dtor     D               dtor.c:227  _al_unregister_destructor        [   7.12696] removed dtor for bitmap 06356718
d3d      D         d3d_disp.cpp:885  d3d_destroy_display_internals    [   7.13159] waiting for display 013B2A10's thread to end
d3d      W         d3d_disp.cpp:595  d3d_destroy_device               [   7.15231] d3d_destroy_device: ref count not 0
d3d      I         d3d_disp.cpp:1548 d3d_display_thread_proc          [   7.40426] d3d display thread exits
dtor     D               dtor.c:227  _al_unregister_destructor        [   7.40617] removed dtor for queue 013A5EC0
dtor     D               dtor.c:227  _al_unregister_destructor        [   7.40644] removed dtor for bitmap 0634EE60
dtor     D               dtor.c:227  _al_unregister_destructor        [   7.40877] removed dtor for bitmap 06367750
dtor     D               dtor.c:227  _al_unregister_destructor        [   7.41116] removed dtor for bitmap 0636BB80
dtor     D               dtor.c:227  _al_unregister_destructor        [   7.41362] removed dtor for bitmap 0636BF70
dtor     D               dtor.c:227  _al_unregister_destructor        [   7.41591] removed dtor for bitmap 0634AC50
dtor     D               dtor.c:227  _al_unregister_destructor        [   7.41628] removed dtor for bitmap 063DAD78
dtor     D               dtor.c:227  _al_unregister_destructor        [   7.41643] removed dtor for bitmap 0634F000
dtor     D               dtor.c:227  _al_unregister_destructor        [   7.41868] removed dtor for bitmap 063703B8
dtor     D               dtor.c:227  _al_unregister_destructor        [   7.41915] removed dtor for sample 0141F580
dtor     D               dtor.c:227  _al_unregister_destructor        [   7.42107] removed dtor for sample_instance 06346B60
dtor     D               dtor.c:116  _al_run_destructors              [   7.42132] calling dtor for timer 013C1148, func 0F6B1681
dtor     D               dtor.c:227  _al_unregister_destructor        [   7.42153] removed dtor for timer 013C1148
dtor     D               dtor.c:227  _al_unregister_destructor        [   7.42549] removed dtor for sample_instance 01380540
dtor     D               dtor.c:227  _al_unregister_destructor        [   7.42566] removed dtor for mixer 0136FDC8
audio-dsound D           dsound.cpp:528  _dsound_stop_voice               [   7.42580] Stopping voice
audio-dsound D           dsound.cpp:545  _dsound_stop_voice               [   7.42590] Joining thread
audio-dsound D           dsound.cpp:551  _dsound_stop_voice               [   7.42820] Joined thread
audio-dsound D           dsound.cpp:553  _dsound_stop_voice               [   7.42834] Destroying thread
audio-dsound D           dsound.cpp:555  _dsound_stop_voice               [   7.42846] Thread destroyed
audio-dsound D           dsound.cpp:562  _dsound_stop_voice               [   7.42857] Releasing buffer
audio-dsound I           dsound.cpp:566  _dsound_stop_voice               [   7.42869] Voice stopped
dtor     D               dtor.c:227  _al_unregister_destructor        [   7.42883] removed dtor for voice 01374D90
audio-dsound D           dsound.cpp:380  _dsound_deallocate_voice         [   7.42901] Deallocating voice
audio-dsound D           dsound.cpp:385  _dsound_deallocate_voice         [   7.42912] Deallocated voice
dtor     D               dtor.c:116  _al_run_destructors              [   7.42925] calling dtor for sample_instance 06346C70, func 0F51122B
dtor     D               dtor.c:227  _al_unregister_destructor        [   7.42936] removed dtor for sample_instance 06346C70
dtor     D               dtor.c:116  _al_run_destructors              [   7.42948] calling dtor for sample 0141F0B8, func 0F51124E
dtor     D               dtor.c:227  _al_unregister_destructor        [   7.42960] removed dtor for sample 0141F0B8
audio-dsound D           dsound.cpp:296  _dsound_close                    [   7.43036] Releasing device
audio-dsound D           dsound.cpp:298  _dsound_close                    [   7.47748] Released device
audio-dsound I           dsound.cpp:299  _dsound_close                    [   7.47765] DirectSound closed
